This is pdfTeX, Version 3.14159265-2.6-1.40.20 (TeX Live 2019/Arch Linux) (preloaded format=pdflatex 2020.2.7)  20 FEB 2020 15:07
entering extended mode
 restricted \write18 enabled.
 %&-line parsing enabled.
**title.tex
(./title.tex
LaTeX2e <2019-10-01> patch level 1

! LaTeX Error: Environment titlepage undefined.

See the LaTeX manual or LaTeX Companion for explanation.
Type  H <return>  for immediate help.
 ...                                              
                                                  
l.1 \begin{titlepage}
                     
Your command was ignored.
Type  I <command> <return>  to replace it with another command,
or  <return>  to continue without it.


! Package inputenc Error: Unicode character –ú (U+041C)
(inputenc)                not set up for use with LaTeX.

See the inputenc package documentation for explanation.
Type  H <return>  for immediate help.
 ...                                              
                                                  
l.4 		–ú
        —ñ–Ω—ñ—Å—Ç–µ—Ä—Å—Ç–≤–æ –æ—Å–≤—ñ—Ç–∏ —ñ –Ω–∞—É–∫–∏ –£–∫—Ä–∞—ó–Ω–∏ \\
You may provide a definition with
\DeclareUnicodeCharacter 


! Package inputenc Error: Unicode character —ñ (U+0456)
(inputenc)                not set up for use with LaTeX.

See the inputenc package documentation for explanation.
Type  H <return>  for immediate help.
 ...                                              
                                                  
l.4 		–ú—ñ
          –Ω—ñ—Å—Ç–µ—Ä—Å—Ç–≤–æ –æ—Å–≤—ñ—Ç–∏ —ñ –Ω–∞—É–∫–∏ –£–∫—Ä–∞—ó–Ω–∏ \\
You may provide a definition with
\DeclareUnicodeCharacter 


! Package inputenc Error: Unicode character –Ω (U+043D)
(inputenc)                not set up for use with LaTeX.

See the inputenc package documentation for explanation.
Type  H <return>  for immediate help.
 ...                                              
                                                  
l.4 		–ú—ñ–Ω
            —ñ—Å—Ç–µ—Ä—Å—Ç–≤–æ –æ—Å–≤—ñ—Ç–∏ —ñ –Ω–∞—É–∫–∏ –£–∫—Ä–∞—ó–Ω–∏ \\
You may provide a definition with
\DeclareUnicodeCharacter 


! Package inputenc Error: Unicode character —ñ (U+0456)
(inputenc)                not set up for use with LaTeX.

See the inputenc package documentation for explanation.
Type  H <return>  for immediate help.
 ...                                              
                                                  
l.4 		–ú—ñ–Ω—ñ
              —Å—Ç–µ—Ä—Å—Ç–≤–æ –æ—Å–≤—ñ—Ç–∏ —ñ –Ω–∞—É–∫–∏ –£–∫—Ä–∞—ó–Ω–∏ \\
You may provide a definition with
\DeclareUnicodeCharacter 


! Package inputenc Error: Unicode character —Å (U+0441)
(inputenc)                not set up for use with LaTeX.

See the inputenc package documentation for explanation.
Type  H <return>  for immediate help.
 ...                                              
                                                  
l.4 		–ú—ñ–Ω—ñ—Å
                —Ç–µ—Ä—Å—Ç–≤–æ –æ—Å–≤—ñ—Ç–∏ —ñ –Ω–∞—É–∫–∏ –£–∫—Ä–∞—ó–Ω–∏ \\
You may provide a definition with
\DeclareUnicodeCharacter 


! Package inputenc Error: Unicode character —Ç (U+0442)
(inputenc)                not set up for use with LaTeX.

See the inputenc package documentation for explanation.
Type  H <return>  for immediate help.
 ...                                              
                                                  
l.4 		–ú—ñ–Ω—ñ—Å—Ç
                  –µ—Ä—Å—Ç–≤–æ –æ—Å–≤—ñ—Ç–∏ —ñ –Ω–∞—É–∫–∏ –£–∫—Ä–∞—ó–Ω–∏ \\
You may provide a definition with
\DeclareUnicodeCharacter 


! Package inputenc Error: Unicode character –µ (U+0435)
(inputenc)                not set up for use with LaTeX.

See the inputenc package documentation for explanation.
Type  H <return>  for immediate help.
 ...                                              
                                                  
l.4 		–ú—ñ–Ω—ñ—Å—Ç–µ
                    —Ä—Å—Ç–≤–æ –æ—Å–≤—ñ—Ç–∏ —ñ –Ω–∞—É–∫–∏ –£–∫—Ä–∞—ó–Ω–∏ \\
You may provide a definition with
\DeclareUnicodeCharacter 


! Package inputenc Error: Unicode character —Ä (U+0440)
(inputenc)                not set up for use with LaTeX.

See the inputenc package documentation for explanation.
Type  H <return>  for immediate help.
 ...                                              
                                                  
l.4 		–ú—ñ–Ω—ñ—Å—Ç–µ—Ä
                      —Å—Ç–≤–æ –æ—Å–≤—ñ—Ç–∏ —ñ –Ω–∞—É–∫–∏ –£–∫—Ä–∞—ó–Ω–∏ \\
You may provide a definition with
\DeclareUnicodeCharacter 


! Package inputenc Error: Unicode character —Å (U+0441)
(inputenc)                not set up for use with LaTeX.

See the inputenc package documentation for explanation.
Type  H <return>  for immediate help.
 ...                                              
                                                  
l.4 		–ú—ñ–Ω—ñ—Å—Ç–µ—Ä—Å
                        —Ç–≤–æ –æ—Å–≤—ñ—Ç–∏ —ñ –Ω–∞—É–∫–∏ –£–∫—Ä–∞—ó–Ω–∏ \\
You may provide a definition with
\DeclareUnicodeCharacter 


! Package inputenc Error: Unicode character —Ç (U+0442)
(inputenc)                not set up for use with LaTeX.

See the inputenc package documentation for explanation.
Type  H <return>  for immediate help.
 ...                                              
                                                  
l.4 		–ú—ñ–Ω—ñ—Å—Ç–µ—Ä—Å—Ç
                          –≤–æ –æ—Å–≤—ñ—Ç–∏ —ñ –Ω–∞—É–∫–∏ –£–∫—Ä–∞—ó–Ω–∏ \\
You may provide a definition with
\DeclareUnicodeCharacter 


! Package inputenc Error: Unicode character –≤ (U+0432)
(inputenc)                not set up for use with LaTeX.

See the inputenc package documentation for explanation.
Type  H <return>  for immediate help.
 ...                                              
                                                  
l.4 		–ú—ñ–Ω—ñ—Å—Ç–µ—Ä—Å—Ç–≤
                            –æ –æ—Å–≤—ñ—Ç–∏ —ñ –Ω–∞—É–∫–∏ –£–∫—Ä–∞—ó–Ω–∏ \\
You may provide a definition with
\DeclareUnicodeCharacter 


! Package inputenc Error: Unicode character –æ (U+043E)
(inputenc)                not set up for use with LaTeX.

See the inputenc package documentation for explanation.
Type  H <return>  for immediate help.
 ...                                              
                                                  
l.4 		–ú—ñ–Ω—ñ—Å—Ç–µ—Ä—Å—Ç–≤–æ
                               –æ—Å–≤—ñ—Ç–∏ —ñ –Ω–∞—É–∫–∏ –£–∫—Ä–∞—ó–Ω–∏ \\
You may provide a definition with
\DeclareUnicodeCharacter 


! Package inputenc Error: Unicode character –æ (U+043E)
(inputenc)                not set up for use with LaTeX.

See the inputenc package documentation for explanation.
Type  H <return>  for immediate help.
 ...                                              
                                                  
l.4 		–ú—ñ–Ω—ñ—Å—Ç–µ—Ä—Å—Ç–≤–æ –æ
                                 —Å–≤—ñ—Ç–∏ —ñ –Ω–∞—É–∫–∏ –£–∫—Ä–∞—ó–Ω–∏ \\
You may provide a definition with
\DeclareUnicodeCharacter 


! Package inputenc Error: Unicode character —Å (U+0441)
(inputenc)                not set up for use with LaTeX.

See the inputenc package documentation for explanation.
Type  H <return>  for immediate help.
 ...                                              
                                                  
l.4 		–ú—ñ–Ω—ñ—Å—Ç–µ—Ä—Å—Ç–≤–æ –æ—Å
                                   –≤—ñ—Ç–∏ —ñ –Ω–∞—É–∫–∏ –£–∫—Ä–∞—ó–Ω–∏ \\
You may provide a definition with
\DeclareUnicodeCharacter 


! Package inputenc Error: Unicode character –≤ (U+0432)
(inputenc)                not set up for use with LaTeX.

See the inputenc package documentation for explanation.
Type  H <return>  for immediate help.
 ...                                              
                                                  
l.4 		–ú—ñ–Ω—ñ—Å—Ç–µ—Ä—Å—Ç–≤–æ –æ—Å–≤
                                     —ñ—Ç–∏ —ñ –Ω–∞—É–∫–∏ –£–∫—Ä–∞—ó–Ω–∏ \\
You may provide a definition with
\DeclareUnicodeCharacter 


! Package inputenc Error: Unicode character —ñ (U+0456)
(inputenc)                not set up for use with LaTeX.

See the inputenc package documentation for explanation.
Type  H <return>  for immediate help.
 ...                                              
                                                  
l.4 		–ú—ñ–Ω—ñ—Å—Ç–µ—Ä—Å—Ç–≤–æ –æ—Å–≤—ñ
                                       —Ç–∏ —ñ –Ω–∞—É–∫–∏ –£–∫—Ä–∞—ó–Ω–∏ \\
You may provide a definition with
\DeclareUnicodeCharacter 


! Package inputenc Error: Unicode character —Ç (U+0442)
(inputenc)                not set up for use with LaTeX.

See the inputenc package documentation for explanation.
Type  H <return>  for immediate help.
 ...                                              
                                                  
l.4 		–ú—ñ–Ω—ñ—Å—Ç–µ—Ä—Å—Ç–≤–æ –æ—Å–≤—ñ—Ç
                                         –∏ —ñ –Ω–∞—É–∫–∏ –£–∫—Ä–∞—ó–Ω–∏ \\
You may provide a definition with
\DeclareUnicodeCharacter 


! Package inputenc Error: Unicode character –∏ (U+0438)
(inputenc)                not set up for use with LaTeX.

See the inputenc package documentation for explanation.
Type  H <return>  for immediate help.
 ...                                              
                                                  
l.4 		–ú—ñ–Ω—ñ—Å—Ç–µ—Ä—Å—Ç–≤–æ –æ—Å–≤—ñ—Ç–∏
                                            —ñ –Ω–∞—É–∫–∏ –£–∫—Ä–∞—ó–Ω–∏ \\
You may provide a definition with
\DeclareUnicodeCharacter 


! Package inputenc Error: Unicode character —ñ (U+0456)
(inputenc)                not set up for use with LaTeX.

See the inputenc package documentation for explanation.
Type  H <return>  for immediate help.
 ...                                              
                                                  
l.4 		–ú—ñ–Ω—ñ—Å—Ç–µ—Ä—Å—Ç–≤–æ –æ—Å–≤—ñ—Ç–∏ —ñ
                                               –Ω–∞—É–∫–∏ –£–∫—Ä–∞—ó–Ω–∏ \\
You may provide a definition with
\DeclareUnicodeCharacter 


! Package inputenc Error: Unicode character –Ω (U+043D)
(inputenc)                not set up for use with LaTeX.

See the inputenc package documentation for explanation.
Type  H <return>  for immediate help.
 ...                                              
                                                  
l.4 		–ú—ñ–Ω—ñ—Å—Ç–µ—Ä—Å—Ç–≤–æ –æ—Å–≤—ñ—Ç–∏ —ñ –Ω
                                                 –∞—É–∫–∏ –£–∫—Ä–∞—ó–Ω–∏ \\
You may provide a definition with
\DeclareUnicodeCharacter 


! Package inputenc Error: Unicode character –∞ (U+0430)
(inputenc)                not set up for use with LaTeX.

See the inputenc package documentation for explanation.
Type  H <return>  for immediate help.
 ...                                              
                                                  
l.4 ...—ñ–Ω—ñ—Å—Ç–µ—Ä—Å—Ç–≤–æ –æ—Å–≤—ñ—Ç–∏ —ñ –Ω–∞
                                                  —É–∫–∏ –£–∫—Ä–∞—ó–Ω–∏ \\
You may provide a definition with
\DeclareUnicodeCharacter 


! Package inputenc Error: Unicode character —É (U+0443)
(inputenc)                not set up for use with LaTeX.

See the inputenc package documentation for explanation.
Type  H <return>  for immediate help.
 ...                                              
                                                  
l.4 ...–Ω—ñ—Å—Ç–µ—Ä—Å—Ç–≤–æ –æ—Å–≤—ñ—Ç–∏ —ñ –Ω–∞—É
                                                  –∫–∏ –£–∫—Ä–∞—ó–Ω–∏ \\
You may provide a definition with
\DeclareUnicodeCharacter 


! Package inputenc Error: Unicode character –∫ (U+043A)
(inputenc)                not set up for use with LaTeX.

See the inputenc package documentation for explanation.
Type  H <return>  for immediate help.
 ...                                              
                                                  
l.4 ...—ñ—Å—Ç–µ—Ä—Å—Ç–≤–æ –æ—Å–≤—ñ—Ç–∏ —ñ –Ω–∞—É–∫
                                                  –∏ –£–∫—Ä–∞—ó–Ω–∏ \\
You may provide a definition with
\DeclareUnicodeCharacter 


! Package inputenc Error: Unicode character –∏ (U+0438)
(inputenc)                not set up for use with LaTeX.

See the inputenc package documentation for explanation.
Type  H <return>  for immediate help.
 ...                                              
                                                  
l.4 ...—Å—Ç–µ—Ä—Å—Ç–≤–æ –æ—Å–≤—ñ—Ç–∏ —ñ –Ω–∞—É–∫–∏
                                                   –£–∫—Ä–∞—ó–Ω–∏ \\
You may provide a definition with
\DeclareUnicodeCharacter 


! Package inputenc Error: Unicode character –£ (U+0423)
(inputenc)                not set up for use with LaTeX.

See the inputenc package documentation for explanation.
Type  H <return>  for immediate help.
 ...                                              
                                                  
l.4 ...Ç–µ—Ä—Å—Ç–≤–æ –æ—Å–≤—ñ—Ç–∏ —ñ –Ω–∞—É–∫–∏ –£
                                                  –∫—Ä–∞—ó–Ω–∏ \\
You may provide a definition with
\DeclareUnicodeCharacter 


! Package inputenc Error: Unicode character –∫ (U+043A)
(inputenc)                not set up for use with LaTeX.

See the inputenc package documentation for explanation.
Type  H <return>  for immediate help.
 ...                                              
                                                  
l.4 ...µ—Ä—Å—Ç–≤–æ –æ—Å–≤—ñ—Ç–∏ —ñ –Ω–∞—É–∫–∏ –£–∫
                                                  —Ä–∞—ó–Ω–∏ \\
You may provide a definition with
\DeclareUnicodeCharacter 


! Package inputenc Error: Unicode character —Ä (U+0440)
(inputenc)                not set up for use with LaTeX.

See the inputenc package documentation for explanation.
Type  H <return>  for immediate help.
 ...                                              
                                                  
l.4 ...Ä—Å—Ç–≤–æ –æ—Å–≤—ñ—Ç–∏ —ñ –Ω–∞—É–∫–∏ –£–∫—Ä
                                                  –∞—ó–Ω–∏ \\
You may provide a definition with
\DeclareUnicodeCharacter 


! Package inputenc Error: Unicode character –∞ (U+0430)
(inputenc)                not set up for use with LaTeX.

See the inputenc package documentation for explanation.
Type  H <return>  for immediate help.
 ...                                              
                                                  
l.4 ...Å—Ç–≤–æ –æ—Å–≤—ñ—Ç–∏ —ñ –Ω–∞—É–∫–∏ –£–∫—Ä–∞
                                                  —ó–Ω–∏ \\
You may provide a definition with
\DeclareUnicodeCharacter 


! Package inputenc Error: Unicode character —ó (U+0457)
(inputenc)                not set up for use with LaTeX.

See the inputenc package documentation for explanation.
Type  H <return>  for immediate help.
 ...                                              
                                                  
l.4 ...Ç–≤–æ –æ—Å–≤—ñ—Ç–∏ —ñ –Ω–∞—É–∫–∏ –£–∫—Ä–∞—ó
                                                  –Ω–∏ \\
You may provide a definition with
\DeclareUnicodeCharacter 


! Package inputenc Error: Unicode character –Ω (U+043D)
(inputenc)                not set up for use with LaTeX.

See the inputenc package documentation for explanation.
Type  H <return>  for immediate help.
 ...                                              
                                                  
l.4 ...≤–æ –æ—Å–≤—ñ—Ç–∏ —ñ –Ω–∞—É–∫–∏ –£–∫—Ä–∞—ó–Ω
                                                  –∏ \\
You may provide a definition with
\DeclareUnicodeCharacter 


! Package inputenc Error: Unicode character –∏ (U+0438)
(inputenc)                not set up for use with LaTeX.

See the inputenc package documentation for explanation.
Type  H <return>  for immediate help.
 ...                                              
                                                  
l.4 ...æ –æ—Å–≤—ñ—Ç–∏ —ñ –Ω–∞—É–∫–∏ –£–∫—Ä–∞—ó–Ω–∏
                                                   \\
You may provide a definition with
\DeclareUnicodeCharacter 


! LaTeX Error: There's no line here to end.

See the LaTeX manual or LaTeX Companion for explanation.
Type  H <return>  for immediate help.
 ...                                              
                                                  
l.4 ...æ—Å–≤—ñ—Ç–∏ —ñ –Ω–∞—É–∫–∏ –£–∫—Ä–∞—ó–Ω–∏ \\
                                                  
Your command was ignored.
Type  I <command> <return>  to replace it with another command,
or  <return>  to continue without it.


! Package inputenc Error: Unicode character –ù (U+041D)
(inputenc)                not set up for use with LaTeX.

See the inputenc package documentation for explanation.
Type  H <return>  for immediate help.
 ...                                              
                                                  
l.5 		–ù
        –∞—Ü—ñ–æ–Ω–∞–ª—å–Ω–∏–π —Ç–µ—Ö–Ω—ñ—á–Ω–∏–π —É–Ω—ñ–≤–µ—Ä—Å–∏—Ç–µ—Ç –£–...

You may provide a definition with
\DeclareUnicodeCharacter 


! Package inputenc Error: Unicode character –∞ (U+0430)
(inputenc)                not set up for use with LaTeX.

See the inputenc package documentation for explanation.
Type  H <return>  for immediate help.
 ...                                              
                                                  
l.5 		–ù–∞
          —Ü—ñ–æ–Ω–∞–ª—å–Ω–∏–π —Ç–µ—Ö–Ω—ñ—á–Ω–∏–π —É–Ω—ñ–≤–µ—Ä—Å–∏—Ç–µ—Ç –£–...

You may provide a definition with
\DeclareUnicodeCharacter 


! Package inputenc Error: Unicode character —Ü (U+0446)
(inputenc)                not set up for use with LaTeX.

See the inputenc package documentation for explanation.
Type  H <return>  for immediate help.
 ...                                              
                                                  
l.5 		–ù–∞—Ü
            —ñ–æ–Ω–∞–ª—å–Ω–∏–π —Ç–µ—Ö–Ω—ñ—á–Ω–∏–π —É–Ω—ñ–≤–µ—Ä—Å–∏—Ç–µ—Ç –£–...

You may provide a definition with
\DeclareUnicodeCharacter 


! Package inputenc Error: Unicode character —ñ (U+0456)
(inputenc)                not set up for use with LaTeX.

See the inputenc package documentation for explanation.
Type  H <return>  for immediate help.
 ...                                              
                                                  
l.5 		–ù–∞—Ü—ñ
              –æ–Ω–∞–ª—å–Ω–∏–π —Ç–µ—Ö–Ω—ñ—á–Ω–∏–π —É–Ω—ñ–≤–µ—Ä—Å–∏—Ç–µ—Ç –£–...

You may provide a definition with
\DeclareUnicodeCharacter 


! Package inputenc Error: Unicode character –æ (U+043E)
(inputenc)                not set up for use with LaTeX.

See the inputenc package documentation for explanation.
Type  H <return>  for immediate help.
 ...                                              
                                                  
l.5 		–ù–∞—Ü—ñ–æ
                –Ω–∞–ª—å–Ω–∏–π —Ç–µ—Ö–Ω—ñ—á–Ω–∏–π —É–Ω—ñ–≤–µ—Ä—Å–∏—Ç–µ—Ç –£–...

You may provide a definition with
\DeclareUnicodeCharacter 


! Package inputenc Error: Unicode character –Ω (U+043D)
(inputenc)                not set up for use with LaTeX.

See the inputenc package documentation for explanation.
Type  H <return>  for immediate help.
 ...                                              
                                                  
l.5 		–ù–∞—Ü—ñ–æ–Ω
                  –∞–ª—å–Ω–∏–π —Ç–µ—Ö–Ω—ñ—á–Ω–∏–π —É–Ω—ñ–≤–µ—Ä—Å–∏—Ç–µ—Ç –£–...

You may provide a definition with
\DeclareUnicodeCharacter 


! Package inputenc Error: Unicode character –∞ (U+0430)
(inputenc)                not set up for use with LaTeX.

See the inputenc package documentation for explanation.
Type  H <return>  for immediate help.
 ...                                              
                                                  
l.5 		–ù–∞—Ü—ñ–æ–Ω–∞
                    –ª—å–Ω–∏–π —Ç–µ—Ö–Ω—ñ—á–Ω–∏–π —É–Ω—ñ–≤–µ—Ä—Å–∏—Ç–µ—Ç –£–...

You may provide a definition with
\DeclareUnicodeCharacter 


! Package inputenc Error: Unicode character –ª (U+043B)
(inputenc)                not set up for use with LaTeX.

See the inputenc package documentation for explanation.
Type  H <return>  for immediate help.
 ...                                              
                                                  
l.5 		–ù–∞—Ü—ñ–æ–Ω–∞–ª
                      —å–Ω–∏–π —Ç–µ—Ö–Ω—ñ—á–Ω–∏–π —É–Ω—ñ–≤–µ—Ä—Å–∏—Ç–µ—Ç –£–...

You may provide a definition with
\DeclareUnicodeCharacter 


! Package inputenc Error: Unicode character —å (U+044C)
(inputenc)                not set up for use with LaTeX.

See the inputenc package documentation for explanation.
Type  H <return>  for immediate help.
 ...                                              
                                                  
l.5 		–ù–∞—Ü—ñ–æ–Ω–∞–ª—å
                        –Ω–∏–π —Ç–µ—Ö–Ω—ñ—á–Ω–∏–π —É–Ω—ñ–≤–µ—Ä—Å–∏—Ç–µ—Ç –£–...

You may provide a definition with
\DeclareUnicodeCharacter 


! Package inputenc Error: Unicode character –Ω (U+043D)
(inputenc)                not set up for use with LaTeX.

See the inputenc package documentation for explanation.
Type  H <return>  for immediate help.
 ...                                              
                                                  
l.5 		–ù–∞—Ü—ñ–æ–Ω–∞–ª—å–Ω
                          –∏–π —Ç–µ—Ö–Ω—ñ—á–Ω–∏–π —É–Ω—ñ–≤–µ—Ä—Å–∏—Ç–µ—Ç –£–...

You may provide a definition with
\DeclareUnicodeCharacter 


! Package inputenc Error: Unicode character –∏ (U+0438)
(inputenc)                not set up for use with LaTeX.

See the inputenc package documentation for explanation.
Type  H <return>  for immediate help.
 ...                                              
                                                  
l.5 		–ù–∞—Ü—ñ–æ–Ω–∞–ª—å–Ω–∏
                            –π —Ç–µ—Ö–Ω—ñ—á–Ω–∏–π —É–Ω—ñ–≤–µ—Ä—Å–∏—Ç–µ—Ç –£–...

You may provide a definition with
\DeclareUnicodeCharacter 


! Package inputenc Error: Unicode character –π (U+0439)
(inputenc)                not set up for use with LaTeX.

See the inputenc package documentation for explanation.
Type  H <return>  for immediate help.
 ...                                              
                                                  
l.5 		–ù–∞—Ü—ñ–æ–Ω–∞–ª—å–Ω–∏–π
                               —Ç–µ—Ö–Ω—ñ—á–Ω–∏–π —É–Ω—ñ–≤–µ—Ä—Å–∏—Ç–µ—Ç –£–...

You may provide a definition with
\DeclareUnicodeCharacter 


! Package inputenc Error: Unicode character —Ç (U+0442)
(inputenc)                not set up for use with LaTeX.

See the inputenc package documentation for explanation.
Type  H <return>  for immediate help.
 ...                                              
                                                  
l.5 		–ù–∞—Ü—ñ–æ–Ω–∞–ª—å–Ω–∏–π —Ç
                                 –µ—Ö–Ω—ñ—á–Ω–∏–π —É–Ω—ñ–≤–µ—Ä—Å–∏—Ç–µ—Ç –£–...

You may provide a definition with
\DeclareUnicodeCharacter 


! Package inputenc Error: Unicode character –µ (U+0435)
(inputenc)                not set up for use with LaTeX.

See the inputenc package documentation for explanation.
Type  H <return>  for immediate help.
 ...                                              
                                                  
l.5 		–ù–∞—Ü—ñ–æ–Ω–∞–ª—å–Ω–∏–π —Ç–µ
                                   —Ö–Ω—ñ—á–Ω–∏–π —É–Ω—ñ–≤–µ—Ä—Å–∏—Ç–µ—Ç –£–...

You may provide a definition with
\DeclareUnicodeCharacter 


! Package inputenc Error: Unicode character —Ö (U+0445)
(inputenc)                not set up for use with LaTeX.

See the inputenc package documentation for explanation.
Type  H <return>  for immediate help.
 ...                                              
                                                  
l.5 		–ù–∞—Ü—ñ–æ–Ω–∞–ª—å–Ω–∏–π —Ç–µ—Ö
                                     –Ω—ñ—á–Ω–∏–π —É–Ω—ñ–≤–µ—Ä—Å–∏—Ç–µ—Ç –£–...

You may provide a definition with
\DeclareUnicodeCharacter 


! Package inputenc Error: Unicode character –Ω (U+043D)
(inputenc)                not set up for use with LaTeX.

See the inputenc package documentation for explanation.
Type  H <return>  for immediate help.
 ...                                              
                                                  
l.5 		–ù–∞—Ü—ñ–æ–Ω–∞–ª—å–Ω–∏–π —Ç–µ—Ö–Ω
                                       —ñ—á–Ω–∏–π —É–Ω—ñ–≤–µ—Ä—Å–∏—Ç–µ—Ç –£–...

You may provide a definition with
\DeclareUnicodeCharacter 


! Package inputenc Error: Unicode character —ñ (U+0456)
(inputenc)                not set up for use with LaTeX.

See the inputenc package documentation for explanation.
Type  H <return>  for immediate help.
 ...                                              
                                                  
l.5 		–ù–∞—Ü—ñ–æ–Ω–∞–ª—å–Ω–∏–π —Ç–µ—Ö–Ω—ñ
                                         —á–Ω–∏–π —É–Ω—ñ–≤–µ—Ä—Å–∏—Ç–µ—Ç –£–...

You may provide a definition with
\DeclareUnicodeCharacter 


! Package inputenc Error: Unicode character —á (U+0447)
(inputenc)                not set up for use with LaTeX.

See the inputenc package documentation for explanation.
Type  H <return>  for immediate help.
 ...                                              
                                                  
l.5 		–ù–∞—Ü—ñ–æ–Ω–∞–ª—å–Ω–∏–π —Ç–µ—Ö–Ω—ñ—á
                                           –Ω–∏–π —É–Ω—ñ–≤–µ—Ä—Å–∏—Ç–µ—Ç –£–...

You may provide a definition with
\DeclareUnicodeCharacter 


! Package inputenc Error: Unicode character –Ω (U+043D)
(inputenc)                not set up for use with LaTeX.

See the inputenc package documentation for explanation.
Type  H <return>  for immediate help.
 ...                                              
                                                  
l.5 		–ù–∞—Ü—ñ–æ–Ω–∞–ª—å–Ω–∏–π —Ç–µ—Ö–Ω—ñ—á–Ω
                                             –∏–π —É–Ω—ñ–≤–µ—Ä—Å–∏—Ç–µ—Ç –£–...

You may provide a definition with
\DeclareUnicodeCharacter 


! Package inputenc Error: Unicode character –∏ (U+0438)
(inputenc)                not set up for use with LaTeX.

See the inputenc package documentation for explanation.
Type  H <return>  for immediate help.
 ...                                              
                                                  
l.5 		–ù–∞—Ü—ñ–æ–Ω–∞–ª—å–Ω–∏–π —Ç–µ—Ö–Ω—ñ—á–Ω–∏
                                               –π —É–Ω—ñ–≤–µ—Ä—Å–∏—Ç–µ—Ç –£–...

You may provide a definition with
\DeclareUnicodeCharacter 


! Package inputenc Error: Unicode character –π (U+0439)
(inputenc)                not set up for use with LaTeX.

See the inputenc package documentation for explanation.
Type  H <return>  for immediate help.
 ...                                              
                                                  
l.5 		–ù–∞—Ü—ñ–æ–Ω–∞–ª—å–Ω–∏–π —Ç–µ—Ö–Ω—ñ—á–Ω–∏–π
                                                  —É–Ω—ñ–≤–µ—Ä—Å–∏—Ç–µ—Ç –£–...

You may provide a definition with
\DeclareUnicodeCharacter 


! Package inputenc Error: Unicode character —É (U+0443)
(inputenc)                not set up for use with LaTeX.

See the inputenc package documentation for explanation.
Type  H <return>  for immediate help.
 ...                                              
                                                  
l.5 ...∞—Ü—ñ–æ–Ω–∞–ª—å–Ω–∏–π —Ç–µ—Ö–Ω—ñ—á–Ω–∏–π —É
                                                  –Ω—ñ–≤–µ—Ä—Å–∏—Ç–µ—Ç –£–∫—...

You may provide a definition with
\DeclareUnicodeCharacter 


! Package inputenc Error: Unicode character –Ω (U+043D)
(inputenc)                not set up for use with LaTeX.

See the inputenc package documentation for explanation.
Type  H <return>  for immediate help.
 ...                                              
                                                  
l.5 ...Ü—ñ–æ–Ω–∞–ª—å–Ω–∏–π —Ç–µ—Ö–Ω—ñ—á–Ω–∏–π —É–Ω
                                                  —ñ–≤–µ—Ä—Å–∏—Ç–µ—Ç –£–∫—Ä–...

You may provide a definition with
\DeclareUnicodeCharacter 


! Package inputenc Error: Unicode character —ñ (U+0456)
(inputenc)                not set up for use with LaTeX.

See the inputenc package documentation for explanation.
Type  H <return>  for immediate help.
 ...                                              
                                                  
l.5 ...ñ–æ–Ω–∞–ª—å–Ω–∏–π —Ç–µ—Ö–Ω—ñ—á–Ω–∏–π —É–Ω—ñ
                                                  –≤–µ—Ä—Å–∏—Ç–µ—Ç –£–∫—Ä–∞—...

You may provide a definition with
\DeclareUnicodeCharacter 


! Package inputenc Error: Unicode character –≤ (U+0432)
(inputenc)                not set up for use with LaTeX.

See the inputenc package documentation for explanation.
Type  H <return>  for immediate help.
 ...                                              
                                                  
l.5 ...æ–Ω–∞–ª—å–Ω–∏–π —Ç–µ—Ö–Ω—ñ—á–Ω–∏–π —É–Ω—ñ–≤
                                                  –µ—Ä—Å–∏—Ç–µ—Ç –£–∫—Ä–∞—ó–...

You may provide a definition with
\DeclareUnicodeCharacter 


! Package inputenc Error: Unicode character –µ (U+0435)
(inputenc)                not set up for use with LaTeX.

See the inputenc package documentation for explanation.
Type  H <return>  for immediate help.
 ...                                              
                                                  
l.5 ...Ω–∞–ª—å–Ω–∏–π —Ç–µ—Ö–Ω—ñ—á–Ω–∏–π —É–Ω—ñ–≤–µ
                                                  —Ä—Å–∏—Ç–µ—Ç –£–∫—Ä–∞—ó–Ω–...

You may provide a definition with
\DeclareUnicodeCharacter 


! Package inputenc Error: Unicode character —Ä (U+0440)
(inputenc)                not set up for use with LaTeX.

See the inputenc package documentation for explanation.
Type  H <return>  for immediate help.
 ...                                              
                                                  
l.5 ...∞–ª—å–Ω–∏–π —Ç–µ—Ö–Ω—ñ—á–Ω–∏–π —É–Ω—ñ–≤–µ—Ä
                                                  —Å–∏—Ç–µ—Ç –£–∫—Ä–∞—ó–Ω–∏ \\
You may provide a definition with
\DeclareUnicodeCharacter 


! Package inputenc Error: Unicode character —Å (U+0441)
(inputenc)                not set up for use with LaTeX.

See the inputenc package documentation for explanation.
Type  H <return>  for immediate help.
 ...                                              
                                                  
l.5 ...ª—å–Ω–∏–π —Ç–µ—Ö–Ω—ñ—á–Ω–∏–π —É–Ω—ñ–≤–µ—Ä—Å
                                                  –∏—Ç–µ—Ç –£–∫—Ä–∞—ó–Ω–∏ \\
You may provide a definition with
\DeclareUnicodeCharacter 


! Package inputenc Error: Unicode character –∏ (U+0438)
(inputenc)                not set up for use with LaTeX.

See the inputenc package documentation for explanation.
Type  H <return>  for immediate help.
 ...                                              
                                                  
l.5 ...å–Ω–∏–π —Ç–µ—Ö–Ω—ñ—á–Ω–∏–π —É–Ω—ñ–≤–µ—Ä—Å–∏
                                                  —Ç–µ—Ç –£–∫—Ä–∞—ó–Ω–∏ \\
You may provide a definition with
\DeclareUnicodeCharacter 


! Package inputenc Error: Unicode character —Ç (U+0442)
(inputenc)                not set up for use with LaTeX.

See the inputenc package documentation for explanation.
Type  H <return>  for immediate help.
 ...                                              
                                                  
l.5 ...Ω–∏–π —Ç–µ—Ö–Ω—ñ—á–Ω–∏–π —É–Ω—ñ–≤–µ—Ä—Å–∏—Ç
                                                  –µ—Ç –£–∫—Ä–∞—ó–Ω–∏ \\
You may provide a definition with
\DeclareUnicodeCharacter 


! Package inputenc Error: Unicode character –µ (U+0435)
(inputenc)                not set up for use with LaTeX.

See the inputenc package documentation for explanation.
Type  H <return>  for immediate help.
 ...                                              
                                                  
l.5 ...∏–π —Ç–µ—Ö–Ω—ñ—á–Ω–∏–π —É–Ω—ñ–≤–µ—Ä—Å–∏—Ç–µ
                                                  —Ç –£–∫—Ä–∞—ó–Ω–∏ \\
You may provide a definition with
\DeclareUnicodeCharacter 


! Package inputenc Error: Unicode character —Ç (U+0442)
(inputenc)                not set up for use with LaTeX.

See the inputenc package documentation for explanation.
Type  H <return>  for immediate help.
 ...                                              
                                                  
l.5 ...π —Ç–µ—Ö–Ω—ñ—á–Ω–∏–π —É–Ω—ñ–≤–µ—Ä—Å–∏—Ç–µ—Ç
                                                   –£–∫—Ä–∞—ó–Ω–∏ \\
You may provide a definition with
\DeclareUnicodeCharacter 


! Package inputenc Error: Unicode character –£ (U+0423)
(inputenc)                not set up for use with LaTeX.

See the inputenc package documentation for explanation.
Type  H <return>  for immediate help.
 ...                                              
                                                  
l.5 ...Ç–µ—Ö–Ω—ñ—á–Ω–∏–π —É–Ω—ñ–≤–µ—Ä—Å–∏—Ç–µ—Ç –£
                                                  –∫—Ä–∞—ó–Ω–∏ \\
You may provide a definition with
\DeclareUnicodeCharacter 


! Package inputenc Error: Unicode character –∫ (U+043A)
(inputenc)                not set up for use with LaTeX.

See the inputenc package documentation for explanation.
Type  H <return>  for immediate help.
 ...                                              
                                                  
l.5 ...µ—Ö–Ω—ñ—á–Ω–∏–π —É–Ω—ñ–≤–µ—Ä—Å–∏—Ç–µ—Ç –£–∫
                                                  —Ä–∞—ó–Ω–∏ \\
You may provide a definition with
\DeclareUnicodeCharacter 


! Package inputenc Error: Unicode character —Ä (U+0440)
(inputenc)                not set up for use with LaTeX.

See the inputenc package documentation for explanation.
Type  H <return>  for immediate help.
 ...                                              
                                                  
l.5 ...Ö–Ω—ñ—á–Ω–∏–π —É–Ω—ñ–≤–µ—Ä—Å–∏—Ç–µ—Ç –£–∫—Ä
                                                  –∞—ó–Ω–∏ \\
You may provide a definition with
\DeclareUnicodeCharacter 


! Package inputenc Error: Unicode character –∞ (U+0430)
(inputenc)                not set up for use with LaTeX.

See the inputenc package documentation for explanation.
Type  H <return>  for immediate help.
 ...                                              
                                                  
l.5 ...Ω—ñ—á–Ω–∏–π —É–Ω—ñ–≤–µ—Ä—Å–∏—Ç–µ—Ç –£–∫—Ä–∞
                                                  —ó–Ω–∏ \\
You may provide a definition with
\DeclareUnicodeCharacter 


! Package inputenc Error: Unicode character —ó (U+0457)
(inputenc)                not set up for use with LaTeX.

See the inputenc package documentation for explanation.
Type  H <return>  for immediate help.
 ...                                              
                                                  
l.5 ...ñ—á–Ω–∏–π —É–Ω—ñ–≤–µ—Ä—Å–∏—Ç–µ—Ç –£–∫—Ä–∞—ó
                                                  –Ω–∏ \\
You may provide a definition with
\DeclareUnicodeCharacter 


! Package inputenc Error: Unicode character –Ω (U+043D)
(inputenc)                not set up for use with LaTeX.

See the inputenc package documentation for explanation.
Type  H <return>  for immediate help.
 ...                                              
                                                  
l.5 ...á–Ω–∏–π —É–Ω—ñ–≤–µ—Ä—Å–∏—Ç–µ—Ç –£–∫—Ä–∞—ó–Ω
                                                  –∏ \\
You may provide a definition with
\DeclareUnicodeCharacter 


! Package inputenc Error: Unicode character –∏ (U+0438)
(inputenc)                not set up for use with LaTeX.

See the inputenc package documentation for explanation.
Type  H <return>  for immediate help.
 ...                                              
                                                  
l.5 ...Ω–∏–π —É–Ω—ñ–≤–µ—Ä—Å–∏—Ç–µ—Ç –£–∫—Ä–∞—ó–Ω–∏
                                                   \\
You may provide a definition with
\DeclareUnicodeCharacter 


! LaTeX Error: There's no line here to end.

See the LaTeX manual or LaTeX Companion for explanation.
Type  H <return>  for immediate help.
 ...                                              
                                                  
l.5 ...–π —É–Ω—ñ–≤–µ—Ä—Å–∏—Ç–µ—Ç –£–∫—Ä–∞—ó–Ω–∏ \\
                                                  
Your command was ignored.
Type  I <command> <return>  to replace it with another command,
or  <return>  to continue without it.


! LaTeX Error: Missing \begin{document}.

See the LaTeX manual or LaTeX Companion for explanation.
Type  H <return>  for immediate help.
 ...                                              
                                                  
l.6 		"
       –ö–∏—ó–≤—Å—å–∫–∏–π –ø–æ–ª—ñ—Ç–µ—Ö–Ω—ñ—á–Ω–∏–π —ñ–Ω—Å—Ç–∏—Ç—É—Ç —ñ–º–µ...

You're in trouble here.  Try typing  <return>  to proceed.
If that doesn't work, type  X <return>  to quit.

Missing character: There is no " in font nullfont!

! Package inputenc Error: Unicode character –ö (U+041A)
(inputenc)                not set up for use with LaTeX.

See the inputenc package documentation for explanation.
Type  H <return>  for immediate help.
 ...                                              
                                                  
l.6 		"–ö
         –∏—ó–≤—Å—å–∫–∏–π –ø–æ–ª—ñ—Ç–µ—Ö–Ω—ñ—á–Ω–∏–π —ñ–Ω—Å—Ç–∏—Ç—É—Ç —ñ–º–µ...

You may provide a definition with
\DeclareUnicodeCharacter 


! Package inputenc Error: Unicode character –∏ (U+0438)
(inputenc)                not set up for use with LaTeX.

See the inputenc package documentation for explanation.
Type  H <return>  for immediate help.
 ...                                              
                                                  
l.6 		"–ö–∏
           —ó–≤—Å—å–∫–∏–π –ø–æ–ª—ñ—Ç–µ—Ö–Ω—ñ—á–Ω–∏–π —ñ–Ω—Å—Ç–∏—Ç—É—Ç —ñ–º–µ...

You may provide a definition with
\DeclareUnicodeCharacter 


! Package inputenc Error: Unicode character —ó (U+0457)
(inputenc)                not set up for use with LaTeX.

See the inputenc package documentation for explanation.
Type  H <return>  for immediate help.
 ...                                              
                                                  
l.6 		"–ö–∏—ó
             –≤—Å—å–∫–∏–π –ø–æ–ª—ñ—Ç–µ—Ö–Ω—ñ—á–Ω–∏–π —ñ–Ω—Å—Ç–∏—Ç—É—Ç —ñ–º–µ...

You may provide a definition with
\DeclareUnicodeCharacter 


! Package inputenc Error: Unicode character –≤ (U+0432)
(inputenc)                not set up for use with LaTeX.

See the inputenc package documentation for explanation.
Type  H <return>  for immediate help.
 ...                                              
                                                  
l.6 		"–ö–∏—ó–≤
               —Å—å–∫–∏–π –ø–æ–ª—ñ—Ç–µ—Ö–Ω—ñ—á–Ω–∏–π —ñ–Ω—Å—Ç–∏—Ç—É—Ç —ñ–º–µ...

You may provide a definition with
\DeclareUnicodeCharacter 


! Package inputenc Error: Unicode character —Å (U+0441)
(inputenc)                not set up for use with LaTeX.

See the inputenc package documentation for explanation.
Type  H <return>  for immediate help.
 ...                                              
                                                  
l.6 		"–ö–∏—ó–≤—Å
                 —å–∫–∏–π –ø–æ–ª—ñ—Ç–µ—Ö–Ω—ñ—á–Ω–∏–π —ñ–Ω—Å—Ç–∏—Ç—É—Ç —ñ–º–µ...

You may provide a definition with
\DeclareUnicodeCharacter 


! Package inputenc Error: Unicode character —å (U+044C)
(inputenc)                not set up for use with LaTeX.

See the inputenc package documentation for explanation.
Type  H <return>  for immediate help.
 ...                                              
                                                  
l.6 		"–ö–∏—ó–≤—Å—å
                   –∫–∏–π –ø–æ–ª—ñ—Ç–µ—Ö–Ω—ñ—á–Ω–∏–π —ñ–Ω—Å—Ç–∏—Ç—É—Ç —ñ–º–µ...

You may provide a definition with
\DeclareUnicodeCharacter 


! Package inputenc Error: Unicode character –∫ (U+043A)
(inputenc)                not set up for use with LaTeX.

See the inputenc package documentation for explanation.
Type  H <return>  for immediate help.
 ...                                              
                                                  
l.6 		"–ö–∏—ó–≤—Å—å–∫
                     –∏–π –ø–æ–ª—ñ—Ç–µ—Ö–Ω—ñ—á–Ω–∏–π —ñ–Ω—Å—Ç–∏—Ç—É—Ç —ñ–º–µ...

You may provide a definition with
\DeclareUnicodeCharacter 


! Package inputenc Error: Unicode character –∏ (U+0438)
(inputenc)                not set up for use with LaTeX.

See the inputenc package documentation for explanation.
Type  H <return>  for immediate help.
 ...                                              
                                                  
l.6 		"–ö–∏—ó–≤—Å—å–∫–∏
                       –π –ø–æ–ª—ñ—Ç–µ—Ö–Ω—ñ—á–Ω–∏–π —ñ–Ω—Å—Ç–∏—Ç—É—Ç —ñ–º–µ...

You may provide a definition with
\DeclareUnicodeCharacter 


! Package inputenc Error: Unicode character –π (U+0439)
(inputenc)                not set up for use with LaTeX.

See the inputenc package documentation for explanation.
Type  H <return>  for immediate help.
 ...                                              
                                                  
l.6 		"–ö–∏—ó–≤—Å—å–∫–∏–π
                          –ø–æ–ª—ñ—Ç–µ—Ö–Ω—ñ—á–Ω–∏–π —ñ–Ω—Å—Ç–∏—Ç—É—Ç —ñ–º–µ...

You may provide a definition with
\DeclareUnicodeCharacter 


! Package inputenc Error: Unicode character –ø (U+043F)
(inputenc)                not set up for use with LaTeX.

See the inputenc package documentation for explanation.
Type  H <return>  for immediate help.
 ...                                              
                                                  
l.6 		"–ö–∏—ó–≤—Å—å–∫–∏–π –ø
                            –æ–ª—ñ—Ç–µ—Ö–Ω—ñ—á–Ω–∏–π —ñ–Ω—Å—Ç–∏—Ç—É—Ç —ñ–º–µ...

You may provide a definition with
\DeclareUnicodeCharacter 


! Package inputenc Error: Unicode character –æ (U+043E)
(inputenc)                not set up for use with LaTeX.

See the inputenc package documentation for explanation.
Type  H <return>  for immediate help.
 ...                                              
                                                  
l.6 		"–ö–∏—ó–≤—Å—å–∫–∏–π –ø–æ
                              –ª—ñ—Ç–µ—Ö–Ω—ñ—á–Ω–∏–π —ñ–Ω—Å—Ç–∏—Ç—É—Ç —ñ–º–µ...

You may provide a definition with
\DeclareUnicodeCharacter 


! Package inputenc Error: Unicode character –ª (U+043B)
(inputenc)                not set up for use with LaTeX.

See the inputenc package documentation for explanation.
Type  H <return>  for immediate help.
 ...                                              
                                                  
l.6 		"–ö–∏—ó–≤—Å—å–∫–∏–π –ø–æ–ª
                                —ñ—Ç–µ—Ö–Ω—ñ—á–Ω–∏–π —ñ–Ω—Å—Ç–∏—Ç—É—Ç —ñ–º–µ...

You may provide a definition with
\DeclareUnicodeCharacter 


! Package inputenc Error: Unicode character —ñ (U+0456)
(inputenc)                not set up for use with LaTeX.

See the inputenc package documentation for explanation.
Type  H <return>  for immediate help.
 ...                                              
                                                  
l.6 		"–ö–∏—ó–≤—Å—å–∫–∏–π –ø–æ–ª—ñ
                                  —Ç–µ—Ö–Ω—ñ—á–Ω–∏–π —ñ–Ω—Å—Ç–∏—Ç—É—Ç —ñ–º–µ...

You may provide a definition with
\DeclareUnicodeCharacter 


! Package inputenc Error: Unicode character —Ç (U+0442)
(inputenc)                not set up for use with LaTeX.

See the inputenc package documentation for explanation.
Type  H <return>  for immediate help.
 ...                                              
                                                  
l.6 		"–ö–∏—ó–≤—Å—å–∫–∏–π –ø–æ–ª—ñ—Ç
                                    –µ—Ö–Ω—ñ—á–Ω–∏–π —ñ–Ω—Å—Ç–∏—Ç—É—Ç —ñ–º–µ...

You may provide a definition with
\DeclareUnicodeCharacter 


! Package inputenc Error: Unicode character –µ (U+0435)
(inputenc)                not set up for use with LaTeX.

See the inputenc package documentation for explanation.
Type  H <return>  for immediate help.
 ...                                              
                                                  
l.6 		"–ö–∏—ó–≤—Å—å–∫–∏–π –ø–æ–ª—ñ—Ç–µ
                                      —Ö–Ω—ñ—á–Ω–∏–π —ñ–Ω—Å—Ç–∏—Ç—É—Ç —ñ–º–µ...

You may provide a definition with
\DeclareUnicodeCharacter 


! Package inputenc Error: Unicode character —Ö (U+0445)
(inputenc)                not set up for use with LaTeX.

See the inputenc package documentation for explanation.
Type  H <return>  for immediate help.
 ...                                              
                                                  
l.6 		"–ö–∏—ó–≤—Å—å–∫–∏–π –ø–æ–ª—ñ—Ç–µ—Ö
                                        –Ω—ñ—á–Ω–∏–π —ñ–Ω—Å—Ç–∏—Ç—É—Ç —ñ–º–µ...

You may provide a definition with
\DeclareUnicodeCharacter 


! Package inputenc Error: Unicode character –Ω (U+043D)
(inputenc)                not set up for use with LaTeX.

See the inputenc package documentation for explanation.
Type  H <return>  for immediate help.
 ...                                              
                                                  
l.6 		"–ö–∏—ó–≤—Å—å–∫–∏–π –ø–æ–ª—ñ—Ç–µ—Ö–Ω
                                          —ñ—á–Ω–∏–π —ñ–Ω—Å—Ç–∏—Ç—É—Ç —ñ–º–µ...

You may provide a definition with
\DeclareUnicodeCharacter 


! Package inputenc Error: Unicode character —ñ (U+0456)
(inputenc)                not set up for use with LaTeX.

See the inputenc package documentation for explanation.
Type  H <return>  for immediate help.
 ...                                              
                                                  
l.6 		"–ö–∏—ó–≤—Å—å–∫–∏–π –ø–æ–ª—ñ—Ç–µ—Ö–Ω—ñ
                                            —á–Ω–∏–π —ñ–Ω—Å—Ç–∏—Ç—É—Ç —ñ–º–µ...

You may provide a definition with
\DeclareUnicodeCharacter 


! Package inputenc Error: Unicode character —á (U+0447)
(inputenc)                not set up for use with LaTeX.

See the inputenc package documentation for explanation.
Type  H <return>  for immediate help.
 ...                                              
                                                  
l.6 		"–ö–∏—ó–≤—Å—å–∫–∏–π –ø–æ–ª—ñ—Ç–µ—Ö–Ω—ñ—á
                                              –Ω–∏–π —ñ–Ω—Å—Ç–∏—Ç—É—Ç —ñ–º–µ...

You may provide a definition with
\DeclareUnicodeCharacter 


! Package inputenc Error: Unicode character –Ω (U+043D)
(inputenc)                not set up for use with LaTeX.

See the inputenc package documentation for explanation.
Type  H <return>  for immediate help.
 ...                                              
                                                  
l.6 		"–ö–∏—ó–≤—Å—å–∫–∏–π –ø–æ–ª—ñ—Ç–µ—Ö–Ω—ñ—á–Ω
                                                –∏–π —ñ–Ω—Å—Ç–∏—Ç—É—Ç —ñ–º–µ...

You may provide a definition with
\DeclareUnicodeCharacter 


! Package inputenc Error: Unicode character –∏ (U+0438)
(inputenc)                not set up for use with LaTeX.

See the inputenc package documentation for explanation.
Type  H <return>  for immediate help.
 ...                                              
                                                  
l.6 		"–ö–∏—ó–≤—Å—å–∫–∏–π –ø–æ–ª—ñ—Ç–µ—Ö–Ω—ñ—á–Ω–∏
                                                  –π —ñ–Ω—Å—Ç–∏—Ç—É—Ç —ñ–º–µ...

You may provide a definition with
\DeclareUnicodeCharacter 


! Package inputenc Error: Unicode character –π (U+0439)
(inputenc)                not set up for use with LaTeX.

See the inputenc package documentation for explanation.
Type  H <return>  for immediate help.
 ...                                              
                                                  
l.6 ...–∏—ó–≤—Å—å–∫–∏–π –ø–æ–ª—ñ—Ç–µ—Ö–Ω—ñ—á–Ω–∏–π
                                                   —ñ–Ω—Å—Ç–∏—Ç—É—Ç —ñ–º–µ–Ω...

You may provide a definition with
\DeclareUnicodeCharacter 


! Package inputenc Error: Unicode character —ñ (U+0456)
(inputenc)                not set up for use with LaTeX.

See the inputenc package documentation for explanation.
Type  H <return>  for immediate help.
 ...                                              
                                                  
l.6 ...ó–≤—Å—å–∫–∏–π –ø–æ–ª—ñ—Ç–µ—Ö–Ω—ñ—á–Ω–∏–π —ñ
                                                  –Ω—Å—Ç–∏—Ç—É—Ç —ñ–º–µ–Ω—ñ ...

You may provide a definition with
\DeclareUnicodeCharacter 


! Package inputenc Error: Unicode character –Ω (U+043D)
(inputenc)                not set up for use with LaTeX.

See the inputenc package documentation for explanation.
Type  H <return>  for immediate help.
 ...                                              
                                                  
l.6 ...≤—Å—å–∫–∏–π –ø–æ–ª—ñ—Ç–µ—Ö–Ω—ñ—á–Ω–∏–π —ñ–Ω
                                                  —Å—Ç–∏—Ç—É—Ç —ñ–º–µ–Ω—ñ –Ü...

You may provide a definition with
\DeclareUnicodeCharacter 


! Package inputenc Error: Unicode character —Å (U+0441)
(inputenc)                not set up for use with LaTeX.

See the inputenc package documentation for explanation.
Type  H <return>  for immediate help.
 ...                                              
                                                  
l.6 ...Å—å–∫–∏–π –ø–æ–ª—ñ—Ç–µ—Ö–Ω—ñ—á–Ω–∏–π —ñ–Ω—Å
                                                  —Ç–∏—Ç—É—Ç —ñ–º–µ–Ω—ñ –Ü–≥...

You may provide a definition with
\DeclareUnicodeCharacter 


! Package inputenc Error: Unicode character —Ç (U+0442)
(inputenc)                not set up for use with LaTeX.

See the inputenc package documentation for explanation.
Type  H <return>  for immediate help.
 ...                                              
                                                  
l.6 ...å–∫–∏–π –ø–æ–ª—ñ—Ç–µ—Ö–Ω—ñ—á–Ω–∏–π —ñ–Ω—Å—Ç
                                                  –∏—Ç—É—Ç —ñ–º–µ–Ω—ñ –Ü–≥–æ...
(That makes 100 errors; please try again.) 
Here is how much of TeX's memory you used:
 29 strings out of 492167
 449 string characters out of 6131559
 59023 words of memory out of 5000000
 4492 multiletter control sequences out of 15000+600000
 3640 words of font info for 14 fonts, out of 8000000 for 9000
 1141 hyphenation exceptions out of 8191
 10i,0n,10p,131b,62s stack positions out of 5000i,500n,10000p,200000b,80000s

!  ==> Fatal error occurred, no output PDF file produced!
